{"total": {"lines":{"total":312,"covered":295,"skipped":0,"pct":94.55},"statements":{"total":325,"covered":308,"skipped":0,"pct":94.76},"functions":{"total":37,"covered":36,"skipped":0,"pct":97.29},"branches":{"total":261,"covered":226,"skipped":0,"pct":86.59},"branchesTrue":{"total":0,"covered":0,"skipped":0,"pct":100}}
,"C:\\Users\\ACER\\OneDrive\\Desktop\\PERU_APP_FINAL\\backend\\src\\controllers\\authController.js": {"lines":{"total":65,"covered":65,"skipped":0,"pct":100},"functions":{"total":4,"covered":4,"skipped":0,"pct":100},"statements":{"total":65,"covered":65,"skipped":0,"pct":100},"branches":{"total":51,"covered":51,"skipped":0,"pct":100}}
,"C:\\Users\\ACER\\OneDrive\\Desktop\\PERU_APP_FINAL\\backend\\src\\controllers\\departamentoController.js": {"lines":{"total":45,"covered":45,"skipped":0,"pct":100},"functions":{"total":5,"covered":5,"skipped":0,"pct":100},"statements":{"total":45,"covered":45,"skipped":0,"pct":100},"branches":{"total":33,"covered":31,"skipped":0,"pct":93.93}}
,"C:\\Users\\ACER\\OneDrive\\Desktop\\PERU_APP_FINAL\\backend\\src\\middlewares\\authMiddleware.js": {"lines":{"total":26,"covered":26,"skipped":0,"pct":100},"functions":{"total":2,"covered":2,"skipped":0,"pct":100},"statements":{"total":26,"covered":26,"skipped":0,"pct":100},"branches":{"total":20,"covered":20,"skipped":0,"pct":100}}
,"C:\\Users\\ACER\\OneDrive\\Desktop\\PERU_APP_FINAL\\backend\\src\\middlewares\\roleMiddleware.js": {"lines":{"total":9,"covered":9,"skipped":0,"pct":100},"functions":{"total":1,"covered":1,"skipped":0,"pct":100},"statements":{"total":9,"covered":9,"skipped":0,"pct":100},"branches":{"total":4,"covered":4,"skipped":0,"pct":100}}
,"C:\\Users\\ACER\\OneDrive\\Desktop\\PERU_APP_FINAL\\backend\\src\\utils\\httpErrors.js": {"lines":{"total":51,"covered":51,"skipped":0,"pct":100},"functions":{"total":7,"covered":7,"skipped":0,"pct":100},"statements":{"total":51,"covered":51,"skipped":0,"pct":100},"branches":{"total":53,"covered":49,"skipped":0,"pct":92.45}}
,"C:\\Users\\ACER\\OneDrive\\Desktop\\PERU_APP_FINAL\\backend\\src\\validators\\validationMiddleware.js": {"lines":{"total":116,"covered":99,"skipped":0,"pct":85.34},"functions":{"total":18,"covered":17,"skipped":0,"pct":94.44},"statements":{"total":129,"covered":112,"skipped":0,"pct":86.82},"branches":{"total":100,"covered":71,"skipped":0,"pct":71}}
}
