{"total": {"lines":{"total":1234,"covered":1124,"skipped":0,"pct":91.08},"statements":{"total":1251,"covered":1141,"skipped":0,"pct":91.2},"functions":{"total":127,"covered":123,"skipped":0,"pct":96.85},"branches":{"total":1001,"covered":871,"skipped":0,"pct":87.01},"branchesTrue":{"total":0,"covered":0,"skipped":0,"pct":100}}
,"C:\\Users\\ACER\\OneDrive\\Desktop\\PERU_APP_FINAL\\backend\\src\\controllers\\authController.js": {"lines":{"total":65,"covered":65,"skipped":0,"pct":100},"functions":{"total":4,"covered":4,"skipped":0,"pct":100},"statements":{"total":65,"covered":65,"skipped":0,"pct":100},"branches":{"total":51,"covered":51,"skipped":0,"pct":100}}
,"C:\\Users\\ACER\\OneDrive\\Desktop\\PERU_APP_FINAL\\backend\\src\\controllers\\ciudadController.js": {"lines":{"total":93,"covered":80,"skipped":0,"pct":86.02},"functions":{"total":5,"covered":5,"skipped":0,"pct":100},"statements":{"total":93,"covered":80,"skipped":0,"pct":86.02},"branches":{"total":114,"covered":91,"skipped":0,"pct":79.82}}
,"C:\\Users\\ACER\\OneDrive\\Desktop\\PERU_APP_FINAL\\backend\\src\\controllers\\comidaTipicaCiudadController.js": {"lines":{"total":54,"covered":49,"skipped":0,"pct":90.74},"functions":{"total":5,"covered":5,"skipped":0,"pct":100},"statements":{"total":54,"covered":49,"skipped":0,"pct":90.74},"branches":{"total":37,"covered":34,"skipped":0,"pct":91.89}}
,"C:\\Users\\ACER\\OneDrive\\Desktop\\PERU_APP_FINAL\\backend\\src\\controllers\\comidaTipicaController.js": {"lines":{"total":48,"covered":43,"skipped":0,"pct":89.58},"functions":{"total":5,"covered":5,"skipped":0,"pct":100},"statements":{"total":48,"covered":43,"skipped":0,"pct":89.58},"branches":{"total":31,"covered":27,"skipped":0,"pct":87.09}}
,"C:\\Users\\ACER\\OneDrive\\Desktop\\PERU_APP_FINAL\\backend\\src\\controllers\\comidaTipicaDistritoController.js": {"lines":{"total":54,"covered":49,"skipped":0,"pct":90.74},"functions":{"total":5,"covered":5,"skipped":0,"pct":100},"statements":{"total":54,"covered":49,"skipped":0,"pct":90.74},"branches":{"total":37,"covered":33,"skipped":0,"pct":89.18}}
,"C:\\Users\\ACER\\OneDrive\\Desktop\\PERU_APP_FINAL\\backend\\src\\controllers\\comidaTipicaProvinciaController.js": {"lines":{"total":54,"covered":49,"skipped":0,"pct":90.74},"functions":{"total":5,"covered":5,"skipped":0,"pct":100},"statements":{"total":54,"covered":49,"skipped":0,"pct":90.74},"branches":{"total":37,"covered":34,"skipped":0,"pct":91.89}}
,"C:\\Users\\ACER\\OneDrive\\Desktop\\PERU_APP_FINAL\\backend\\src\\controllers\\departamentoController.js": {"lines":{"total":45,"covered":45,"skipped":0,"pct":100},"functions":{"total":5,"covered":5,"skipped":0,"pct":100},"statements":{"total":45,"covered":45,"skipped":0,"pct":100},"branches":{"total":33,"covered":31,"skipped":0,"pct":93.93}}
,"C:\\Users\\ACER\\OneDrive\\Desktop\\PERU_APP_FINAL\\backend\\src\\controllers\\distritoController.js": {"lines":{"total":85,"covered":71,"skipped":0,"pct":83.52},"functions":{"total":5,"covered":5,"skipped":0,"pct":100},"statements":{"total":85,"covered":71,"skipped":0,"pct":83.52},"branches":{"total":104,"covered":83,"skipped":0,"pct":79.8}}
,"C:\\Users\\ACER\\OneDrive\\Desktop\\PERU_APP_FINAL\\backend\\src\\controllers\\lugarTuristicoCiudadController.js": {"lines":{"total":54,"covered":49,"skipped":0,"pct":90.74},"functions":{"total":5,"covered":5,"skipped":0,"pct":100},"statements":{"total":54,"covered":49,"skipped":0,"pct":90.74},"branches":{"total":37,"covered":33,"skipped":0,"pct":89.18}}
,"C:\\Users\\ACER\\OneDrive\\Desktop\\PERU_APP_FINAL\\backend\\src\\controllers\\lugarTuristicoController.js": {"lines":{"total":54,"covered":49,"skipped":0,"pct":90.74},"functions":{"total":5,"covered":5,"skipped":0,"pct":100},"statements":{"total":54,"covered":49,"skipped":0,"pct":90.74},"branches":{"total":62,"covered":51,"skipped":0,"pct":82.25}}
,"C:\\Users\\ACER\\OneDrive\\Desktop\\PERU_APP_FINAL\\backend\\src\\controllers\\lugarTuristicoDistritoController.js": {"lines":{"total":54,"covered":49,"skipped":0,"pct":90.74},"functions":{"total":5,"covered":5,"skipped":0,"pct":100},"statements":{"total":54,"covered":49,"skipped":0,"pct":90.74},"branches":{"total":37,"covered":34,"skipped":0,"pct":91.89}}
,"C:\\Users\\ACER\\OneDrive\\Desktop\\PERU_APP_FINAL\\backend\\src\\controllers\\lugarTuristicoProvinciaController.js": {"lines":{"total":54,"covered":49,"skipped":0,"pct":90.74},"functions":{"total":5,"covered":5,"skipped":0,"pct":100},"statements":{"total":54,"covered":49,"skipped":0,"pct":90.74},"branches":{"total":37,"covered":33,"skipped":0,"pct":89.18}}
,"C:\\Users\\ACER\\OneDrive\\Desktop\\PERU_APP_FINAL\\backend\\src\\controllers\\provinciaController.js": {"lines":{"total":73,"covered":64,"skipped":0,"pct":87.67},"functions":{"total":5,"covered":5,"skipped":0,"pct":100},"statements":{"total":73,"covered":64,"skipped":0,"pct":87.67},"branches":{"total":61,"covered":55,"skipped":0,"pct":90.16}}
,"C:\\Users\\ACER\\OneDrive\\Desktop\\PERU_APP_FINAL\\backend\\src\\controllers\\userController.js": {"lines":{"total":66,"covered":63,"skipped":0,"pct":95.45},"functions":{"total":5,"covered":5,"skipped":0,"pct":100},"statements":{"total":66,"covered":63,"skipped":0,"pct":95.45},"branches":{"total":51,"covered":51,"skipped":0,"pct":100}}
,"C:\\Users\\ACER\\OneDrive\\Desktop\\PERU_APP_FINAL\\backend\\src\\middlewares\\authMiddleware.js": {"lines":{"total":26,"covered":26,"skipped":0,"pct":100},"functions":{"total":2,"covered":2,"skipped":0,"pct":100},"statements":{"total":26,"covered":26,"skipped":0,"pct":100},"branches":{"total":20,"covered":20,"skipped":0,"pct":100}}
,"C:\\Users\\ACER\\OneDrive\\Desktop\\PERU_APP_FINAL\\backend\\src\\middlewares\\dataIntegrityMiddleware.js": {"lines":{"total":58,"covered":57,"skipped":0,"pct":98.27},"functions":{"total":7,"covered":7,"skipped":0,"pct":100},"statements":{"total":58,"covered":57,"skipped":0,"pct":98.27},"branches":{"total":30,"covered":28,"skipped":0,"pct":93.33}}
,"C:\\Users\\ACER\\OneDrive\\Desktop\\PERU_APP_FINAL\\backend\\src\\middlewares\\roleMiddleware.js": {"lines":{"total":9,"covered":9,"skipped":0,"pct":100},"functions":{"total":1,"covered":1,"skipped":0,"pct":100},"statements":{"total":9,"covered":9,"skipped":0,"pct":100},"branches":{"total":4,"covered":4,"skipped":0,"pct":100}}
,"C:\\Users\\ACER\\OneDrive\\Desktop\\PERU_APP_FINAL\\backend\\src\\middlewares\\uploadMiddleware.js": {"lines":{"total":69,"covered":56,"skipped":0,"pct":81.15},"functions":{"total":9,"covered":6,"skipped":0,"pct":66.66},"statements":{"total":70,"covered":57,"skipped":0,"pct":81.42},"branches":{"total":37,"covered":29,"skipped":0,"pct":78.37}}
,"C:\\Users\\ACER\\OneDrive\\Desktop\\PERU_APP_FINAL\\backend\\src\\utils\\fileCleanup.js": {"lines":{"total":18,"covered":18,"skipped":0,"pct":100},"functions":{"total":4,"covered":4,"skipped":0,"pct":100},"statements":{"total":19,"covered":19,"skipped":0,"pct":100},"branches":{"total":12,"covered":11,"skipped":0,"pct":91.66}}
,"C:\\Users\\ACER\\OneDrive\\Desktop\\PERU_APP_FINAL\\backend\\src\\utils\\httpErrors.js": {"lines":{"total":51,"covered":51,"skipped":0,"pct":100},"functions":{"total":7,"covered":7,"skipped":0,"pct":100},"statements":{"total":51,"covered":51,"skipped":0,"pct":100},"branches":{"total":53,"covered":49,"skipped":0,"pct":92.45}}
,"C:\\Users\\ACER\\OneDrive\\Desktop\\PERU_APP_FINAL\\backend\\src\\utils\\imageLifecycle.js": {"lines":{"total":34,"covered":34,"skipped":0,"pct":100},"functions":{"total":10,"covered":10,"skipped":0,"pct":100},"statements":{"total":36,"covered":36,"skipped":0,"pct":100},"branches":{"total":16,"covered":15,"skipped":0,"pct":93.75}}
,"C:\\Users\\ACER\\OneDrive\\Desktop\\PERU_APP_FINAL\\backend\\src\\validators\\validationMiddleware.js": {"lines":{"total":116,"covered":99,"skipped":0,"pct":85.34},"functions":{"total":18,"covered":17,"skipped":0,"pct":94.44},"statements":{"total":129,"covered":112,"skipped":0,"pct":86.82},"branches":{"total":100,"covered":74,"skipped":0,"pct":74}}
}
