{"total": {"lines":{"total":1281,"covered":1151,"skipped":0,"pct":89.85},"statements":{"total":1298,"covered":1168,"skipped":0,"pct":89.98},"functions":{"total":131,"covered":126,"skipped":0,"pct":96.18},"branches":{"total":999,"covered":874,"skipped":0,"pct":87.48},"branchesTrue":{"total":0,"covered":0,"skipped":0,"pct":100}}
,"C:\\Users\\ACER\\OneDrive\\Desktop\\PERU_APP_FINAL\\backend\\src\\controllers\\authController.js": {"lines":{"total":65,"covered":65,"skipped":0,"pct":100},"functions":{"total":4,"covered":4,"skipped":0,"pct":100},"statements":{"total":65,"covered":65,"skipped":0,"pct":100},"branches":{"total":51,"covered":51,"skipped":0,"pct":100}}
,"C:\\Users\\ACER\\OneDrive\\Desktop\\PERU_APP_FINAL\\backend\\src\\controllers\\ciudadController.js": {"lines":{"total":93,"covered":80,"skipped":0,"pct":86.02},"functions":{"total":5,"covered":5,"skipped":0,"pct":100},"statements":{"total":93,"covered":80,"skipped":0,"pct":86.02},"branches":{"total":112,"covered":90,"skipped":0,"pct":80.35}}
,"C:\\Users\\ACER\\OneDrive\\Desktop\\PERU_APP_FINAL\\backend\\src\\controllers\\comidaTipicaCiudadController.js": {"lines":{"total":54,"covered":49,"skipped":0,"pct":90.74},"functions":{"total":5,"covered":5,"skipped":0,"pct":100},"statements":{"total":54,"covered":49,"skipped":0,"pct":90.74},"branches":{"total":35,"covered":32,"skipped":0,"pct":91.42}}
,"C:\\Users\\ACER\\OneDrive\\Desktop\\PERU_APP_FINAL\\backend\\src\\controllers\\comidaTipicaController.js": {"lines":{"total":48,"covered":43,"skipped":0,"pct":89.58},"functions":{"total":5,"covered":5,"skipped":0,"pct":100},"statements":{"total":48,"covered":43,"skipped":0,"pct":89.58},"branches":{"total":29,"covered":25,"skipped":0,"pct":86.2}}
,"C:\\Users\\ACER\\OneDrive\\Desktop\\PERU_APP_FINAL\\backend\\src\\controllers\\comidaTipicaDistritoController.js": {"lines":{"total":54,"covered":49,"skipped":0,"pct":90.74},"functions":{"total":5,"covered":5,"skipped":0,"pct":100},"statements":{"total":54,"covered":49,"skipped":0,"pct":90.74},"branches":{"total":35,"covered":31,"skipped":0,"pct":88.57}}
,"C:\\Users\\ACER\\OneDrive\\Desktop\\PERU_APP_FINAL\\backend\\src\\controllers\\comidaTipicaProvinciaController.js": {"lines":{"total":54,"covered":49,"skipped":0,"pct":90.74},"functions":{"total":5,"covered":5,"skipped":0,"pct":100},"statements":{"total":54,"covered":49,"skipped":0,"pct":90.74},"branches":{"total":35,"covered":32,"skipped":0,"pct":91.42}}
,"C:\\Users\\ACER\\OneDrive\\Desktop\\PERU_APP_FINAL\\backend\\src\\controllers\\departamentoController.js": {"lines":{"total":45,"covered":45,"skipped":0,"pct":100},"functions":{"total":5,"covered":5,"skipped":0,"pct":100},"statements":{"total":45,"covered":45,"skipped":0,"pct":100},"branches":{"total":31,"covered":29,"skipped":0,"pct":93.54}}
,"C:\\Users\\ACER\\OneDrive\\Desktop\\PERU_APP_FINAL\\backend\\src\\controllers\\distritoController.js": {"lines":{"total":85,"covered":71,"skipped":0,"pct":83.52},"functions":{"total":5,"covered":5,"skipped":0,"pct":100},"statements":{"total":85,"covered":71,"skipped":0,"pct":83.52},"branches":{"total":102,"covered":82,"skipped":0,"pct":80.39}}
,"C:\\Users\\ACER\\OneDrive\\Desktop\\PERU_APP_FINAL\\backend\\src\\controllers\\lugarTuristicoCiudadController.js": {"lines":{"total":54,"covered":49,"skipped":0,"pct":90.74},"functions":{"total":5,"covered":5,"skipped":0,"pct":100},"statements":{"total":54,"covered":49,"skipped":0,"pct":90.74},"branches":{"total":35,"covered":31,"skipped":0,"pct":88.57}}
,"C:\\Users\\ACER\\OneDrive\\Desktop\\PERU_APP_FINAL\\backend\\src\\controllers\\lugarTuristicoController.js": {"lines":{"total":54,"covered":49,"skipped":0,"pct":90.74},"functions":{"total":5,"covered":5,"skipped":0,"pct":100},"statements":{"total":54,"covered":49,"skipped":0,"pct":90.74},"branches":{"total":52,"covered":49,"skipped":0,"pct":94.23}}
,"C:\\Users\\ACER\\OneDrive\\Desktop\\PERU_APP_FINAL\\backend\\src\\controllers\\lugarTuristicoDistritoController.js": {"lines":{"total":54,"covered":49,"skipped":0,"pct":90.74},"functions":{"total":5,"covered":5,"skipped":0,"pct":100},"statements":{"total":54,"covered":49,"skipped":0,"pct":90.74},"branches":{"total":35,"covered":32,"skipped":0,"pct":91.42}}
,"C:\\Users\\ACER\\OneDrive\\Desktop\\PERU_APP_FINAL\\backend\\src\\controllers\\lugarTuristicoProvinciaController.js": {"lines":{"total":54,"covered":49,"skipped":0,"pct":90.74},"functions":{"total":5,"covered":5,"skipped":0,"pct":100},"statements":{"total":54,"covered":49,"skipped":0,"pct":90.74},"branches":{"total":35,"covered":31,"skipped":0,"pct":88.57}}
,"C:\\Users\\ACER\\OneDrive\\Desktop\\PERU_APP_FINAL\\backend\\src\\controllers\\provinciaController.js": {"lines":{"total":73,"covered":64,"skipped":0,"pct":87.67},"functions":{"total":5,"covered":5,"skipped":0,"pct":100},"statements":{"total":73,"covered":64,"skipped":0,"pct":87.67},"branches":{"total":59,"covered":53,"skipped":0,"pct":89.83}}
,"C:\\Users\\ACER\\OneDrive\\Desktop\\PERU_APP_FINAL\\backend\\src\\controllers\\userController.js": {"lines":{"total":66,"covered":63,"skipped":0,"pct":95.45},"functions":{"total":5,"covered":5,"skipped":0,"pct":100},"statements":{"total":66,"covered":63,"skipped":0,"pct":95.45},"branches":{"total":51,"covered":51,"skipped":0,"pct":100}}
,"C:\\Users\\ACER\\OneDrive\\Desktop\\PERU_APP_FINAL\\backend\\src\\middlewares\\authMiddleware.js": {"lines":{"total":26,"covered":26,"skipped":0,"pct":100},"functions":{"total":2,"covered":2,"skipped":0,"pct":100},"statements":{"total":26,"covered":26,"skipped":0,"pct":100},"branches":{"total":20,"covered":20,"skipped":0,"pct":100}}
,"C:\\Users\\ACER\\OneDrive\\Desktop\\PERU_APP_FINAL\\backend\\src\\middlewares\\dataIntegrityMiddleware.js": {"lines":{"total":58,"covered":57,"skipped":0,"pct":98.27},"functions":{"total":7,"covered":7,"skipped":0,"pct":100},"statements":{"total":58,"covered":57,"skipped":0,"pct":98.27},"branches":{"total":30,"covered":28,"skipped":0,"pct":93.33}}
,"C:\\Users\\ACER\\OneDrive\\Desktop\\PERU_APP_FINAL\\backend\\src\\middlewares\\roleMiddleware.js": {"lines":{"total":9,"covered":9,"skipped":0,"pct":100},"functions":{"total":1,"covered":1,"skipped":0,"pct":100},"statements":{"total":9,"covered":9,"skipped":0,"pct":100},"branches":{"total":4,"covered":4,"skipped":0,"pct":100}}
,"C:\\Users\\ACER\\OneDrive\\Desktop\\PERU_APP_FINAL\\backend\\src\\middlewares\\uploadMiddleware.js": {"lines":{"total":94,"covered":69,"skipped":0,"pct":73.4},"functions":{"total":13,"covered":9,"skipped":0,"pct":69.23},"statements":{"total":96,"covered":71,"skipped":0,"pct":73.95},"branches":{"total":45,"covered":35,"skipped":0,"pct":77.77}}
,"C:\\Users\\ACER\\OneDrive\\Desktop\\PERU_APP_FINAL\\backend\\src\\utils\\fileCleanup.js": {"lines":{"total":24,"covered":21,"skipped":0,"pct":87.5},"functions":{"total":3,"covered":3,"skipped":0,"pct":100},"statements":{"total":24,"covered":21,"skipped":0,"pct":87.5},"branches":{"total":18,"covered":16,"skipped":0,"pct":88.88}}
,"C:\\Users\\ACER\\OneDrive\\Desktop\\PERU_APP_FINAL\\backend\\src\\utils\\httpErrors.js": {"lines":{"total":51,"covered":51,"skipped":0,"pct":100},"functions":{"total":7,"covered":7,"skipped":0,"pct":100},"statements":{"total":51,"covered":51,"skipped":0,"pct":100},"branches":{"total":53,"covered":49,"skipped":0,"pct":92.45}}
,"C:\\Users\\ACER\\OneDrive\\Desktop\\PERU_APP_FINAL\\backend\\src\\utils\\imageLifecycle.js": {"lines":{"total":40,"covered":36,"skipped":0,"pct":90},"functions":{"total":10,"covered":10,"skipped":0,"pct":100},"statements":{"total":42,"covered":38,"skipped":0,"pct":90.47},"branches":{"total":18,"covered":16,"skipped":0,"pct":88.88}}
,"C:\\Users\\ACER\\OneDrive\\Desktop\\PERU_APP_FINAL\\backend\\src\\utils\\uploadedFile.js": {"lines":{"total":10,"covered":9,"skipped":0,"pct":90},"functions":{"total":1,"covered":1,"skipped":0,"pct":100},"statements":{"total":10,"covered":9,"skipped":0,"pct":90},"branches":{"total":14,"covered":13,"skipped":0,"pct":92.85}}
,"C:\\Users\\ACER\\OneDrive\\Desktop\\PERU_APP_FINAL\\backend\\src\\validators\\validationMiddleware.js": {"lines":{"total":116,"covered":99,"skipped":0,"pct":85.34},"functions":{"total":18,"covered":17,"skipped":0,"pct":94.44},"statements":{"total":129,"covered":112,"skipped":0,"pct":86.82},"branches":{"total":100,"covered":74,"skipped":0,"pct":74}}
}
